#! /usr/share/iverilog-0.10.0/bin/vvp
:ivl_version "0.10.0 (devel)" "(v0_9_6)";
:ivl_delay_selection "TYPICAL";
:vpi_time_precision - 12;
:vpi_module "system";
:vpi_module "vhdl_sys";
:vpi_module "v2005_math";
:vpi_module "va_math";
:vpi_module "v2009";
S_0x256d5a0 .scope module, "demux1a4Param" "demux1a4Param" 2 155;
 .timescale -9 -12;
    .port_info 0 /INPUT 2 "S"
    .port_info 1 /INPUT 8 "D"
    .port_info 2 /OUTPUT 8 "out0"
    .port_info 3 /OUTPUT 8 "out1"
    .port_info 4 /OUTPUT 8 "out2"
    .port_info 5 /OUTPUT 8 "out3"
P_0x256fbd0 .param/l "ANCHO" 0 2 155, +C4<01000>;
o0x7fad0491d018 .functor BUFZ 8, C4<zzzzzzzz>; HiZ drive
v0x2577570_0 .net "D", 7 0, o0x7fad0491d018;  0 drivers
o0x7fad0491d048 .functor BUFZ 2, C4<zz>; HiZ drive
v0x259ee70_0 .net "S", 1 0, o0x7fad0491d048;  0 drivers
v0x259ef50_0 .var "out0", 7 0;
v0x259f040_0 .var "out1", 7 0;
v0x259f120_0 .var "out2", 7 0;
v0x259f250_0 .var "out3", 7 0;
E_0x2578320 .event edge, v0x259ee70_0, v0x2577570_0;
S_0x257e6e0 .scope module, "mux3a1BusParam_tb" "mux3a1BusParam_tb" 3 5;
 .timescale -9 -12;
P_0x257e860 .param/l "ANCHO" 0 3 7, +C4<010000>;
v0x259fd30_0 .var "dato0_p", 15 0;
v0x259fe10_0 .var "dato1_p", 15 0;
v0x259fee0_0 .var "dato2_p", 15 0;
v0x259ffe0_0 .net "salida_p", 15 0, v0x259fa80_0;  1 drivers
v0x25a00b0_0 .var "seleccion", 1 0;
S_0x259f430 .scope module, "DUT_MUX" "mux3a1BusParam" 3 12, 2 223 0, S_0x257e6e0;
 .timescale -9 -12;
    .port_info 0 /INPUT 16 "D0"
    .port_info 1 /INPUT 16 "D1"
    .port_info 2 /INPUT 16 "D2"
    .port_info 3 /INPUT 2 "S"
    .port_info 4 /OUTPUT 16 "Q"
P_0x259f620 .param/l "ANCHO" 0 2 223, +C4<010000>;
v0x259f7b0_0 .net "D0", 15 0, v0x259fd30_0;  1 drivers
v0x259f8b0_0 .net "D1", 15 0, v0x259fe10_0;  1 drivers
v0x259f990_0 .net "D2", 15 0, v0x259fee0_0;  1 drivers
v0x259fa80_0 .var "Q", 15 0;
v0x259fb60_0 .net "S", 1 0, v0x25a00b0_0;  1 drivers
E_0x256e940 .event edge, v0x259fb60_0, v0x259f7b0_0, v0x259f8b0_0, v0x259f990_0;
S_0x2580940 .scope module, "mux4a1" "mux4a1" 2 103;
 .timescale -9 -12;
    .port_info 0 /INPUT 1 "D0"
    .port_info 1 /INPUT 1 "D1"
    .port_info 2 /INPUT 1 "D2"
    .port_info 3 /INPUT 1 "D3"
    .port_info 4 /INPUT 2 "S"
    .port_info 5 /OUTPUT 1 "Q"
o0x7fad0491d438 .functor BUFZ 1, C4<z>; HiZ drive
v0x25a1b20_0 .net "D0", 0 0, o0x7fad0491d438;  0 drivers
o0x7fad0491d468 .functor BUFZ 1, C4<z>; HiZ drive
v0x25a1be0_0 .net "D1", 0 0, o0x7fad0491d468;  0 drivers
o0x7fad0491d648 .functor BUFZ 1, C4<z>; HiZ drive
v0x25a1cb0_0 .net "D2", 0 0, o0x7fad0491d648;  0 drivers
o0x7fad0491d678 .functor BUFZ 1, C4<z>; HiZ drive
v0x25a1db0_0 .net "D3", 0 0, o0x7fad0491d678;  0 drivers
v0x25a1e80_0 .net "Q", 0 0, L_0x25a3bc0;  1 drivers
o0x7fad0491da08 .functor BUFZ 2, C4<zz>; HiZ drive
v0x25a1f70_0 .net "S", 1 0, o0x7fad0491da08;  0 drivers
v0x25a2010_0 .net "n0", 0 0, L_0x25a3310;  1 drivers
v0x25a2100_0 .net "n1", 0 0, L_0x25a3750;  1 drivers
L_0x25a3420 .part o0x7fad0491da08, 0, 1;
L_0x25a3860 .part o0x7fad0491da08, 0, 1;
L_0x25a3d20 .part o0x7fad0491da08, 1, 1;
S_0x25a01a0 .scope module, "m1" "mux" 2 106, 2 8 0, S_0x2580940;
 .timescale -9 -12;
    .port_info 0 /INPUT 1 "D0"
    .port_info 1 /INPUT 1 "D1"
    .port_info 2 /INPUT 1 "S"
    .port_info 3 /OUTPUT 1 "Q"
L_0x25a3000 .functor NOT 1, L_0x25a3420, C4<0>, C4<0>, C4<0>;
L_0x25a30c0 .functor AND 1, o0x7fad0491d438, L_0x25a3000, C4<1>, C4<1>;
L_0x25a3200 .functor AND 1, o0x7fad0491d468, L_0x25a3420, C4<1>, C4<1>;
L_0x25a3310 .functor OR 1, L_0x25a30c0, L_0x25a3200, C4<0>, C4<0>;
v0x25a0410_0 .net "D0", 0 0, o0x7fad0491d438;  alias, 0 drivers
v0x25a04d0_0 .net "D1", 0 0, o0x7fad0491d468;  alias, 0 drivers
v0x25a0590_0 .net "Q", 0 0, L_0x25a3310;  alias, 1 drivers
v0x25a0660_0 .net "S", 0 0, L_0x25a3420;  1 drivers
v0x25a0720_0 .net "Snegado", 0 0, L_0x25a3000;  1 drivers
v0x25a0830_0 .net "n0", 0 0, L_0x25a30c0;  1 drivers
v0x25a08f0_0 .net "n1", 0 0, L_0x25a3200;  1 drivers
S_0x25a0a30 .scope module, "m2" "mux" 2 107, 2 8 0, S_0x2580940;
 .timescale -9 -12;
    .port_info 0 /INPUT 1 "D0"
    .port_info 1 /INPUT 1 "D1"
    .port_info 2 /INPUT 1 "S"
    .port_info 3 /OUTPUT 1 "Q"
L_0x25a34c0 .functor NOT 1, L_0x25a3860, C4<0>, C4<0>, C4<0>;
L_0x25a3530 .functor AND 1, o0x7fad0491d648, L_0x25a34c0, C4<1>, C4<1>;
L_0x25a3640 .functor AND 1, o0x7fad0491d678, L_0x25a3860, C4<1>, C4<1>;
L_0x25a3750 .functor OR 1, L_0x25a3530, L_0x25a3640, C4<0>, C4<0>;
v0x25a0c90_0 .net "D0", 0 0, o0x7fad0491d648;  alias, 0 drivers
v0x25a0d50_0 .net "D1", 0 0, o0x7fad0491d678;  alias, 0 drivers
v0x25a0e10_0 .net "Q", 0 0, L_0x25a3750;  alias, 1 drivers
v0x25a0ee0_0 .net "S", 0 0, L_0x25a3860;  1 drivers
v0x25a0fa0_0 .net "Snegado", 0 0, L_0x25a34c0;  1 drivers
v0x25a10b0_0 .net "n0", 0 0, L_0x25a3530;  1 drivers
v0x25a1170_0 .net "n1", 0 0, L_0x25a3640;  1 drivers
S_0x25a12b0 .scope module, "m3" "mux" 2 108, 2 8 0, S_0x2580940;
 .timescale -9 -12;
    .port_info 0 /INPUT 1 "D0"
    .port_info 1 /INPUT 1 "D1"
    .port_info 2 /INPUT 1 "S"
    .port_info 3 /OUTPUT 1 "Q"
L_0x25a3950 .functor NOT 1, L_0x25a3d20, C4<0>, C4<0>, C4<0>;
L_0x25a39c0 .functor AND 1, L_0x25a3310, L_0x25a3950, C4<1>, C4<1>;
L_0x25a3ac0 .functor AND 1, L_0x25a3750, L_0x25a3d20, C4<1>, C4<1>;
L_0x25a3bc0 .functor OR 1, L_0x25a39c0, L_0x25a3ac0, C4<0>, C4<0>;
v0x25a1520_0 .net "D0", 0 0, L_0x25a3310;  alias, 1 drivers
v0x25a15f0_0 .net "D1", 0 0, L_0x25a3750;  alias, 1 drivers
v0x25a16c0_0 .net "Q", 0 0, L_0x25a3bc0;  alias, 1 drivers
v0x25a1790_0 .net "S", 0 0, L_0x25a3d20;  1 drivers
v0x25a1830_0 .net "Snegado", 0 0, L_0x25a3950;  1 drivers
v0x25a1920_0 .net "n0", 0 0, L_0x25a39c0;  1 drivers
v0x25a19e0_0 .net "n1", 0 0, L_0x25a3ac0;  1 drivers
S_0x2575130 .scope module, "mux4a1BusParam" "mux4a1BusParam" 2 135;
 .timescale -9 -12;
    .port_info 0 /INPUT 8 "D0"
    .port_info 1 /INPUT 8 "D1"
    .port_info 2 /INPUT 8 "D2"
    .port_info 3 /INPUT 8 "D3"
    .port_info 4 /INPUT 2 "S"
    .port_info 5 /OUTPUT 8 "Q"
P_0x25752b0 .param/l "ANCHO" 0 2 135, +C4<01000>;
o0x7fad0491db58 .functor BUFZ 8, C4<zzzzzzzz>; HiZ drive
v0x25a2290_0 .net "D0", 7 0, o0x7fad0491db58;  0 drivers
o0x7fad0491db88 .functor BUFZ 8, C4<zzzzzzzz>; HiZ drive
v0x25a2390_0 .net "D1", 7 0, o0x7fad0491db88;  0 drivers
o0x7fad0491dbb8 .functor BUFZ 8, C4<zzzzzzzz>; HiZ drive
v0x25a2470_0 .net "D2", 7 0, o0x7fad0491dbb8;  0 drivers
o0x7fad0491dbe8 .functor BUFZ 8, C4<zzzzzzzz>; HiZ drive
v0x25a2530_0 .net "D3", 7 0, o0x7fad0491dbe8;  0 drivers
v0x25a2610_0 .var "Q", 7 0;
o0x7fad0491dc48 .functor BUFZ 2, C4<zz>; HiZ drive
v0x25a2740_0 .net "S", 1 0, o0x7fad0491dc48;  0 drivers
E_0x2577b80/0 .event edge, v0x25a2740_0, v0x25a2290_0, v0x25a2390_0, v0x25a2470_0;
E_0x2577b80/1 .event edge, v0x25a2530_0;
E_0x2577b80 .event/or E_0x2577b80/0, E_0x2577b80/1;
S_0x2577300 .scope module, "mux4a1bus" "mux4a1bus" 2 116;
 .timescale -9 -12;
    .port_info 0 /INPUT 4 "D0"
    .port_info 1 /INPUT 4 "D1"
    .port_info 2 /INPUT 4 "D2"
    .port_info 3 /INPUT 4 "D3"
    .port_info 4 /INPUT 2 "S"
    .port_info 5 /OUTPUT 4 "Q"
o0x7fad0491dd98 .functor BUFZ 4, C4<zzzz>; HiZ drive
v0x25a2940_0 .net "D0", 3 0, o0x7fad0491dd98;  0 drivers
o0x7fad0491ddc8 .functor BUFZ 4, C4<zzzz>; HiZ drive
v0x25a2a40_0 .net "D1", 3 0, o0x7fad0491ddc8;  0 drivers
o0x7fad0491ddf8 .functor BUFZ 4, C4<zzzz>; HiZ drive
v0x25a2b20_0 .net "D2", 3 0, o0x7fad0491ddf8;  0 drivers
o0x7fad0491de28 .functor BUFZ 4, C4<zzzz>; HiZ drive
v0x25a2c10_0 .net "D3", 3 0, o0x7fad0491de28;  0 drivers
v0x25a2cf0_0 .var "Q", 3 0;
o0x7fad0491de88 .functor BUFZ 2, C4<zz>; HiZ drive
v0x25a2e20_0 .net "S", 1 0, o0x7fad0491de88;  0 drivers
E_0x2577d90/0 .event edge, v0x25a2e20_0, v0x25a2940_0, v0x25a2a40_0, v0x25a2b20_0;
E_0x2577d90/1 .event edge, v0x25a2c10_0;
E_0x2577d90 .event/or E_0x2577d90/0, E_0x2577d90/1;
    .scope S_0x256d5a0;
T_0 ;
    %wait E_0x2578320;
    %set/v v0x259ef50_0, 0, 8;
    %set/v v0x259f040_0, 0, 8;
    %set/v v0x259f120_0, 0, 8;
    %set/v v0x259f250_0, 0, 8;
    %load/v 8, v0x259ee70_0, 2;
    %cmpi/u 8, 0, 2;
    %jmp/1 T_0.0, 6;
    %cmpi/u 8, 1, 2;
    %jmp/1 T_0.1, 6;
    %cmpi/u 8, 2, 2;
    %jmp/1 T_0.2, 6;
    %cmpi/u 8, 3, 2;
    %jmp/1 T_0.3, 6;
    %jmp T_0.4;
T_0.0 ;
    %load/v 8, v0x2577570_0, 8;
    %set/v v0x259ef50_0, 8, 8;
    %jmp T_0.4;
T_0.1 ;
    %load/v 8, v0x2577570_0, 8;
    %set/v v0x259f040_0, 8, 8;
    %jmp T_0.4;
T_0.2 ;
    %load/v 8, v0x2577570_0, 8;
    %set/v v0x259f120_0, 8, 8;
    %jmp T_0.4;
T_0.3 ;
    %load/v 8, v0x2577570_0, 8;
    %set/v v0x259f250_0, 8, 8;
    %jmp T_0.4;
T_0.4 ;
    %jmp T_0;
    .thread T_0, $push;
    .scope S_0x259f430;
T_1 ;
    %wait E_0x256e940;
    %load/v 8, v0x259fb60_0, 2;
    %cmpi/u 8, 0, 2;
    %jmp/1 T_1.0, 6;
    %cmpi/u 8, 1, 2;
    %jmp/1 T_1.1, 6;
    %cmpi/u 8, 2, 2;
    %jmp/1 T_1.2, 6;
    %set/v v0x259fa80_0, 0, 16;
    %jmp T_1.4;
T_1.0 ;
    %load/v 8, v0x259f7b0_0, 16;
    %set/v v0x259fa80_0, 8, 16;
    %jmp T_1.4;
T_1.1 ;
    %load/v 8, v0x259f8b0_0, 16;
    %set/v v0x259fa80_0, 8, 16;
    %jmp T_1.4;
T_1.2 ;
    %load/v 8, v0x259f990_0, 16;
    %set/v v0x259fa80_0, 8, 16;
    %jmp T_1.4;
T_1.4 ;
    %jmp T_1;
    .thread T_1, $push;
    .scope S_0x257e6e0;
T_2 ;
    %vpi_call/w 3 20 "$dumpfile", "mux3a1BusParam_tb.vcd" {0 0};
    %vpi_call/w 3 21 "$dumpvars", 1'sb0, S_0x257e6e0 {0 0};
    %end;
    .thread T_2;
    .scope S_0x257e6e0;
T_3 ;
    %set/v v0x25a00b0_0, 0, 2;
    %vpi_func 3 27 "$random", 8, 32 {0 0};
    %set/v v0x259fd30_0, 8, 16;
    %vpi_func 3 28 "$random", 8, 32 {0 0};
    %set/v v0x259fe10_0, 8, 16;
    %vpi_func 3 29 "$random", 8, 32 {0 0};
    %set/v v0x259fee0_0, 8, 16;
    %movi 8, 8, 5;
T_3.0 %cmp/s 0, 8, 5;
    %jmp/0xz T_3.1, 5;
    %add 8, 1, 5;
    %movi 13, 3, 3;
T_3.2 %cmp/s 0, 13, 3;
    %jmp/0xz T_3.3, 5;
    %add 13, 1, 3;
    %delay 5000, 0;
    %vpi_func 3 33 "$random", 16, 32 {0 0};
    %set/v v0x259fd30_0, 16, 16;
    %vpi_func 3 34 "$random", 16, 32 {0 0};
    %set/v v0x259fe10_0, 16, 16;
    %vpi_func 3 35 "$random", 16, 32 {0 0};
    %set/v v0x259fee0_0, 16, 16;
    %jmp T_3.2;
T_3.3 ;
    %delay 5000, 0;
    %ix/load 0, 1, 0;
    %load/vp0 13, v0x25a00b0_0, 2;
    %set/v v0x25a00b0_0, 13, 2;
    %jmp T_3.0;
T_3.1 ;
    %delay 5000, 0;
    %vpi_call/w 3 41 "$finish" {0 0};
    %end;
    .thread T_3;
    .scope S_0x2575130;
T_4 ;
    %wait E_0x2577b80;
    %load/v 8, v0x25a2740_0, 2;
    %cmpi/u 8, 0, 2;
    %jmp/1 T_4.0, 6;
    %cmpi/u 8, 1, 2;
    %jmp/1 T_4.1, 6;
    %cmpi/u 8, 2, 2;
    %jmp/1 T_4.2, 6;
    %cmpi/u 8, 3, 2;
    %jmp/1 T_4.3, 6;
    %jmp T_4.4;
T_4.0 ;
    %load/v 8, v0x25a2290_0, 8;
    %set/v v0x25a2610_0, 8, 8;
    %jmp T_4.4;
T_4.1 ;
    %load/v 8, v0x25a2390_0, 8;
    %set/v v0x25a2610_0, 8, 8;
    %jmp T_4.4;
T_4.2 ;
    %load/v 8, v0x25a2470_0, 8;
    %set/v v0x25a2610_0, 8, 8;
    %jmp T_4.4;
T_4.3 ;
    %load/v 8, v0x25a2530_0, 8;
    %set/v v0x25a2610_0, 8, 8;
    %jmp T_4.4;
T_4.4 ;
    %jmp T_4;
    .thread T_4, $push;
    .scope S_0x2577300;
T_5 ;
    %wait E_0x2577d90;
    %load/v 8, v0x25a2e20_0, 2;
    %cmpi/u 8, 0, 2;
    %jmp/1 T_5.0, 6;
    %cmpi/u 8, 1, 2;
    %jmp/1 T_5.1, 6;
    %cmpi/u 8, 2, 2;
    %jmp/1 T_5.2, 6;
    %cmpi/u 8, 3, 2;
    %jmp/1 T_5.3, 6;
    %jmp T_5.4;
T_5.0 ;
    %load/v 8, v0x25a2940_0, 4;
    %set/v v0x25a2cf0_0, 8, 4;
    %jmp T_5.4;
T_5.1 ;
    %load/v 8, v0x25a2a40_0, 4;
    %set/v v0x25a2cf0_0, 8, 4;
    %jmp T_5.4;
T_5.2 ;
    %load/v 8, v0x25a2b20_0, 4;
    %set/v v0x25a2cf0_0, 8, 4;
    %jmp T_5.4;
T_5.3 ;
    %load/v 8, v0x25a2c10_0, 4;
    %set/v v0x25a2cf0_0, 8, 4;
    %jmp T_5.4;
T_5.4 ;
    %jmp T_5;
    .thread T_5, $push;
# The file index is used to find the file name in the following table.
:file_names 4;
    "N/A";
    "<interactive>";
    "design.sv";
    "testbench.sv";
