#! /usr/share/iverilog-0.10.0/bin/vvp
:ivl_version "0.10.0 (devel)" "(v0_9_6)";
:ivl_delay_selection "TYPICAL";
:vpi_time_precision - 12;
:vpi_module "system";
:vpi_module "vhdl_sys";
:vpi_module "v2005_math";
:vpi_module "va_math";
:vpi_module "v2009";
S_0x18f4c40 .scope module, "TB_ContadorHaciaArriba_EN_UD_LC" "TB_ContadorHaciaArriba_EN_UD_LC" 2 6;
 .timescale -9 -12;
v0x190a870_0 .var "LC", 0 0;
v0x190a930_0 .var "UD", 0 0;
v0x190aa00_0 .var "clk", 0 0;
v0x190ab00_0 .net "cuenta", 3 0, v0x190a170_0;  1 drivers
v0x190abd0_0 .var "enable", 0 0;
v0x190ac70_0 .var "entradaParalela", 3 0;
v0x190ad40_0 .var "rst", 0 0;
S_0x18f4dc0 .scope module, "DUT" "ContadorHaciaArriba_EN_UD_LC" 2 12, 3 5 0, S_0x18f4c40;
 .timescale -9 -12;
    .port_info 0 /INPUT 1 "clk"
    .port_info 1 /INPUT 1 "rst"
    .port_info 2 /INPUT 1 "enable"
    .port_info 3 /INPUT 1 "UD"
    .port_info 4 /INPUT 1 "LC"
    .port_info 5 /INPUT 4 "entradaParalela"
    .port_info 6 /OUTPUT 4 "cuenta"
v0x18f0890_0 .net "LC", 0 0, v0x190a870_0;  1 drivers
v0x1909fe0_0 .net "UD", 0 0, v0x190a930_0;  1 drivers
v0x190a0a0_0 .net "clk", 0 0, v0x190aa00_0;  1 drivers
v0x190a170_0 .var "cuenta", 3 0;
v0x190a250_0 .net "enable", 0 0, v0x190abd0_0;  1 drivers
v0x190a360_0 .net "entradaParalela", 3 0, v0x190ac70_0;  1 drivers
v0x190a440_0 .var "next_state", 3 0;
v0x190a520_0 .net "rst", 0 0, v0x190ad40_0;  1 drivers
v0x190a5e0_0 .var "state", 3 0;
E_0x18f5790 .event edge, v0x190a5e0_0;
E_0x18f5230/0 .event edge, v0x190a250_0, v0x190a5e0_0, v0x18f0890_0, v0x1909fe0_0;
E_0x18f5230/1 .event edge, v0x190a360_0;
E_0x18f5230 .event/or E_0x18f5230/0, E_0x18f5230/1;
E_0x18f1520 .event negedge, v0x190a0a0_0;
    .scope S_0x18f4dc0;
T_0 ;
    %wait E_0x18f1520;
    %load/v 8, v0x190a520_0, 1;
    %inv 8, 1;
    %jmp/0xz  T_0.0, 8;
    %ix/load 0, 4, 0;
    %assign/v0 v0x190a5e0_0, 0, 0;
    %jmp T_0.1;
T_0.0 ;
    %load/v 8, v0x190a440_0, 4;
    %ix/load 0, 4, 0;
    %assign/v0 v0x190a5e0_0, 0, 8;
T_0.1 ;
    %jmp T_0;
    .thread T_0;
    .scope S_0x18f4dc0;
T_1 ;
    %wait E_0x18f5230;
    %load/v 8, v0x190a250_0, 1;
    %pad 9, 0, 1;
    %cmpi/u 8, 0, 2;
    %jmp/0xz  T_1.0, 4;
    %load/v 8, v0x190a5e0_0, 4;
    %set/v v0x190a440_0, 8, 4;
    %jmp T_1.1;
T_1.0 ;
    %load/v 8, v0x18f0890_0, 1;
    %pad 9, 0, 1;
    %cmpi/u 8, 0, 2;
    %jmp/0xz  T_1.2, 4;
    %load/v 8, v0x1909fe0_0, 1;
    %pad 9, 0, 1;
    %cmpi/u 8, 0, 2;
    %jmp/0xz  T_1.4, 4;
    %ix/load 0, 1, 0;
    %load/vp0 8, v0x190a5e0_0, 4;
    %set/v v0x190a440_0, 8, 4;
    %jmp T_1.5;
T_1.4 ;
    %load/v 8, v0x190a5e0_0, 4;
    %subi 8, 1, 4;
    %set/v v0x190a440_0, 8, 4;
T_1.5 ;
    %jmp T_1.3;
T_1.2 ;
    %load/v 8, v0x190a360_0, 4;
    %ix/load 0, 4, 0;
    %assign/v0 v0x190a440_0, 0, 8;
T_1.3 ;
T_1.1 ;
    %jmp T_1;
    .thread T_1, $push;
    .scope S_0x18f4dc0;
T_2 ;
    %wait E_0x18f5790;
    %load/v 8, v0x190a5e0_0, 4;
    %set/v v0x190a170_0, 8, 4;
    %jmp T_2;
    .thread T_2, $push;
    .scope S_0x18f4c40;
T_3 ;
    %vpi_call/w 2 21 "$dumpfile", "ContadorHaciaArriba_EN_UD_LC.vcd" {0 0};
    %vpi_call/w 2 22 "$dumpvars", 1'sb0, S_0x18f4c40 {0 0};
    %end;
    .thread T_3;
    .scope S_0x18f4c40;
T_4 ;
    %set/v v0x190aa00_0, 0, 1;
    %end;
    .thread T_4;
    .scope S_0x18f4c40;
T_5 ;
    %delay 5000, 0;
    %load/v 8, v0x190aa00_0, 1;
    %inv 8, 1;
    %set/v v0x190aa00_0, 8, 1;
    %jmp T_5;
    .thread T_5;
    .scope S_0x18f4c40;
T_6 ;
    %ix/load 0, 1, 0;
    %assign/v0 v0x190ad40_0, 0, 0;
    %ix/load 0, 1, 0;
    %assign/v0 v0x190abd0_0, 0, 1;
    %ix/load 0, 1, 0;
    %assign/v0 v0x190a930_0, 0, 0;
    %ix/load 0, 1, 0;
    %assign/v0 v0x190a870_0, 0, 0;
    %movi 8, 7, 4;
    %ix/load 0, 4, 0;
    %assign/v0 v0x190ac70_0, 0, 8;
    %wait E_0x18f1520;
    %ix/load 0, 1, 0;
    %assign/v0 v0x190ad40_0, 0, 1;
    %ix/load 0, 1, 0;
    %assign/v0 v0x190a870_0, 0, 1;
    %movi 8, 5, 4;
    %ix/load 0, 4, 0;
    %assign/v0 v0x190ac70_0, 0, 8;
    %delay 100000, 0;
    %ix/load 0, 1, 0;
    %assign/v0 v0x190a870_0, 0, 0;
    %delay 100000, 0;
    %vpi_call/w 2 45 "$finish" {0 0};
    %end;
    .thread T_6;
# The file index is used to find the file name in the following table.
:file_names 4;
    "N/A";
    "<interactive>";
    "testbench.sv";
    "design.sv";
