#! /usr/share/iverilog-0.10.0/bin/vvp
:ivl_version "0.10.0 (devel)" "(v0_9_6)";
:ivl_delay_selection "TYPICAL";
:vpi_time_precision - 12;
:vpi_module "system";
:vpi_module "vhdl_sys";
:vpi_module "v2005_math";
:vpi_module "va_math";
:vpi_module "v2009";
S_0x24e9be0 .scope module, "TB_GeneradorPulsosMealy" "TB_GeneradorPulsosMealy" 2 6;
 .timescale -9 -12;
v0x24fdff0_0 .var "btn", 0 0;
v0x24fe0b0_0 .var "clk", 0 0;
v0x24fe180_0 .net "pulso", 0 0, v0x24fdcc0_0;  1 drivers
v0x24fe280_0 .var "rst", 0 0;
E_0x24ea2d0 .event negedge, v0x24fdb10_0;
S_0x24e9d60 .scope module, "FSM" "GeneradorPulsosMealy" 2 11, 3 5 0, S_0x24e9be0;
 .timescale -9 -12;
    .port_info 0 /INPUT 1 "clk"
    .port_info 1 /INPUT 1 "rst"
    .port_info 2 /INPUT 1 "btn"
    .port_info 3 /OUTPUT 1 "pulso"
P_0x24e57b0 .param/l "ESPERE_CERO" 0 3 19, C4<1>;
P_0x24e57f0 .param/l "ESPERE_UNO" 0 3 18, C4<0>;
P_0x24e5830 .param/l "N_BITS" 0 3 14, +C4<010>;
v0x24e5960_0 .net "btn", 0 0, v0x24fdff0_0;  1 drivers
v0x24fdb10_0 .net "clk", 0 0, v0x24fe0b0_0;  1 drivers
v0x24fdbd0_0 .var "next_state", 1 0;
v0x24fdcc0_0 .var "pulso", 0 0;
v0x24fdd80_0 .net "rst", 0 0, v0x24fe280_0;  1 drivers
v0x24fde90_0 .var "state", 1 0;
E_0x24e5d30 .event edge, v0x24fde90_0, v0x24e5960_0;
E_0x24e68f0 .event posedge, v0x24fdb10_0;
    .scope S_0x24e9d60;
T_0 ;
    %wait E_0x24e68f0;
    %load/v 8, v0x24fdd80_0, 1;
    %inv 8, 1;
    %jmp/0xz  T_0.0, 8;
    %ix/load 0, 2, 0;
    %assign/v0 v0x24fde90_0, 0, 0;
    %jmp T_0.1;
T_0.0 ;
    %load/v 8, v0x24fdbd0_0, 2;
    %ix/load 0, 2, 0;
    %assign/v0 v0x24fde90_0, 0, 8;
T_0.1 ;
    %jmp T_0;
    .thread T_0;
    .scope S_0x24e9d60;
T_1 ;
    %wait E_0x24e5d30;
    %load/v 8, v0x24fde90_0, 2;
    %cmpi/u 8, 0, 2;
    %jmp/1 T_1.0, 6;
    %cmpi/u 8, 1, 2;
    %jmp/1 T_1.1, 6;
    %set/v v0x24fdbd0_0, 0, 2;
    %jmp T_1.3;
T_1.0 ;
    %load/v 8, v0x24e5960_0, 1;
    %pad 9, 0, 1;
    %cmpi/u 8, 0, 2;
    %jmp/0xz  T_1.4, 4;
    %set/v v0x24fdbd0_0, 0, 2;
    %jmp T_1.5;
T_1.4 ;
    %movi 8, 1, 2;
    %set/v v0x24fdbd0_0, 8, 2;
T_1.5 ;
    %jmp T_1.3;
T_1.1 ;
    %load/v 8, v0x24e5960_0, 1;
    %pad 9, 0, 1;
    %cmpi/u 8, 0, 2;
    %jmp/0xz  T_1.6, 4;
    %set/v v0x24fdbd0_0, 0, 2;
    %jmp T_1.7;
T_1.6 ;
    %movi 8, 1, 2;
    %set/v v0x24fdbd0_0, 8, 2;
T_1.7 ;
    %jmp T_1.3;
T_1.3 ;
    %jmp T_1;
    .thread T_1, $push;
    .scope S_0x24e9d60;
T_2 ;
    %wait E_0x24e5d30;
    %set/v v0x24fdcc0_0, 0, 1;
    %load/v 8, v0x24fde90_0, 2;
    %cmpi/u 8, 0, 2;
    %jmp/1 T_2.0, 6;
    %cmpi/u 8, 1, 2;
    %jmp/1 T_2.1, 6;
    %set/v v0x24fdcc0_0, 0, 1;
    %jmp T_2.3;
T_2.0 ;
    %load/v 8, v0x24e5960_0, 1;
    %pad 9, 0, 1;
    %cmpi/u 8, 0, 2;
    %jmp/0xz  T_2.4, 4;
    %set/v v0x24fdcc0_0, 0, 1;
    %jmp T_2.5;
T_2.4 ;
    %set/v v0x24fdcc0_0, 1, 1;
T_2.5 ;
    %jmp T_2.3;
T_2.1 ;
    %set/v v0x24fdcc0_0, 0, 1;
    %jmp T_2.3;
T_2.3 ;
    %jmp T_2;
    .thread T_2, $push;
    .scope S_0x24e9be0;
T_3 ;
    %vpi_call/w 2 18 "$dumpfile", "TB_GeneradorPulsosMealy.vcd" {0 0};
    %vpi_call/w 2 19 "$dumpvars", 1'sb0, S_0x24e9be0 {0 0};
    %end;
    .thread T_3;
    .scope S_0x24e9be0;
T_4 ;
    %set/v v0x24fe0b0_0, 0, 1;
    %end;
    .thread T_4;
    .scope S_0x24e9be0;
T_5 ;
    %delay 5000, 0;
    %load/v 8, v0x24fe0b0_0, 1;
    %inv 8, 1;
    %set/v v0x24fe0b0_0, 8, 1;
    %jmp T_5;
    .thread T_5;
    .scope S_0x24e9be0;
T_6 ;
    %set/v v0x24fdff0_0, 0, 1;
    %set/v v0x24fe280_0, 0, 1;
    %wait E_0x24ea2d0;
    %set/v v0x24fe280_0, 1, 1;
    %delay 20000, 0;
    %set/v v0x24fdff0_0, 1, 1;
    %delay 50000, 0;
    %set/v v0x24fdff0_0, 0, 1;
    %delay 50000, 0;
    %vpi_call/w 2 47 "$finish" {0 0};
    %end;
    .thread T_6;
# The file index is used to find the file name in the following table.
:file_names 4;
    "N/A";
    "<interactive>";
    "testbench.sv";
    "design.sv";
