#! /usr/share/iverilog-0.10.0/bin/vvp
:ivl_version "0.10.0 (devel)" "(v0_9_6)";
:ivl_delay_selection "TYPICAL";
:vpi_time_precision - 12;
:vpi_module "system";
:vpi_module "vhdl_sys";
:vpi_module "v2005_math";
:vpi_module "va_math";
:vpi_module "v2009";
S_0x128b190 .scope module, "testbench" "testbench" 2 6;
 .timescale -9 -12;
v0x12a6550_0 .var "A", 0 0;
v0x12a6660_0 .var "Ainv", 0 0;
v0x12a6770_0 .var "B", 0 0;
v0x12a6860_0 .var "Binv", 0 0;
v0x12a6950_0 .var "Cin", 0 0;
v0x12a6a90_0 .net "Cout", 0 0, v0x12a5950_0;  1 drivers
v0x12a6b80_0 .var/i "i", 31 0;
v0x12a6c20_0 .var "operacion", 1 0;
v0x12a6ce0_0 .net "resultado", 0 0, v0x12a6140_0;  1 drivers
S_0x128b310 .scope module, "DUT" "ALU" 2 13, 3 8 0, S_0x128b190;
 .timescale -9 -12;
    .port_info 0 /INPUT 1 "A"
    .port_info 1 /INPUT 1 "B"
    .port_info 2 /INPUT 1 "Ainv"
    .port_info 3 /INPUT 1 "Binv"
    .port_info 4 /INPUT 1 "Cin"
    .port_info 5 /INPUT 2 "operacion"
    .port_info 6 /OUTPUT 1 "resultado"
    .port_info 7 /OUTPUT 1 "Cout"
L_0x12a6e10 .functor NOT 1, v0x12a6550_0, C4<0>, C4<0>, C4<0>;
L_0x12a6e80 .functor NOT 1, v0x12a6770_0, C4<0>, C4<0>, C4<0>;
v0x12a5b80_0 .net "A", 0 0, v0x12a6550_0;  1 drivers
v0x12a5c40_0 .net "Ainv", 0 0, v0x12a6660_0;  1 drivers
v0x12a5d10_0 .net "B", 0 0, v0x12a6770_0;  1 drivers
v0x12a5e10_0 .net "Binv", 0 0, v0x12a6860_0;  1 drivers
v0x12a5ee0_0 .net "Cin", 0 0, v0x12a6950_0;  1 drivers
v0x12a5fd0_0 .net "Cout", 0 0, v0x12a5950_0;  alias, 1 drivers
v0x12a60a0_0 .net "operacion", 1 0, v0x12a6c20_0;  1 drivers
v0x12a6140_0 .var "resultado", 0 0;
v0x12a61e0_0 .net "salidaMux1", 0 0, v0x12a4b00_0;  1 drivers
v0x12a6310_0 .net "salidaMux2", 0 0, v0x12a51a0_0;  1 drivers
v0x12a6400_0 .net "salidaSuma", 0 0, v0x12a59f0_0;  1 drivers
E_0x1278a40 .event edge, v0x12a60a0_0, v0x12a4b00_0, v0x12a51a0_0, v0x12a59f0_0;
S_0x1289c80 .scope module, "M1" "mux21" 3 16, 3 57 0, S_0x128b310;
 .timescale -9 -12;
    .port_info 0 /INPUT 1 "D0"
    .port_info 1 /INPUT 1 "D1"
    .port_info 2 /INPUT 1 "S"
    .port_info 3 /OUTPUT 1 "Q"
v0x1289e50_0 .net "D0", 0 0, v0x12a6550_0;  alias, 1 drivers
v0x12a4a40_0 .net "D1", 0 0, L_0x12a6e10;  1 drivers
v0x12a4b00_0 .var "Q", 0 0;
v0x12a4bd0_0 .net "S", 0 0, v0x12a6660_0;  alias, 1 drivers
E_0x128cad0 .event edge, v0x12a4bd0_0, v0x1289e50_0, v0x12a4a40_0;
S_0x12a4d40 .scope module, "M2" "mux21" 3 17, 3 57 0, S_0x128b310;
 .timescale -9 -12;
    .port_info 0 /INPUT 1 "D0"
    .port_info 1 /INPUT 1 "D1"
    .port_info 2 /INPUT 1 "S"
    .port_info 3 /OUTPUT 1 "Q"
v0x12a5000_0 .net "D0", 0 0, v0x12a6770_0;  alias, 1 drivers
v0x12a50e0_0 .net "D1", 0 0, L_0x12a6e80;  1 drivers
v0x12a51a0_0 .var "Q", 0 0;
v0x12a5270_0 .net "S", 0 0, v0x12a6860_0;  alias, 1 drivers
E_0x12a4fa0 .event edge, v0x12a5270_0, v0x12a5000_0, v0x12a50e0_0;
S_0x12a53e0 .scope module, "suma" "sumador" 3 19, 3 44 0, S_0x128b310;
 .timescale -9 -12;
    .port_info 0 /INPUT 1 "A"
    .port_info 1 /INPUT 1 "B"
    .port_info 2 /INPUT 1 "Cin"
    .port_info 3 /OUTPUT 1 "S"
    .port_info 4 /OUTPUT 1 "Cout"
v0x12a56c0_0 .net "A", 0 0, v0x12a4b00_0;  alias, 1 drivers
v0x12a57b0_0 .net "B", 0 0, v0x12a51a0_0;  alias, 1 drivers
v0x12a5880_0 .net "Cin", 0 0, v0x12a6950_0;  alias, 1 drivers
v0x12a5950_0 .var "Cout", 0 0;
v0x12a59f0_0 .var "S", 0 0;
E_0x12a5660 .event edge, v0x12a4b00_0, v0x12a51a0_0, v0x12a5880_0;
    .scope S_0x1289c80;
T_0 ;
    %wait E_0x128cad0;
    %load/v 8, v0x12a4bd0_0, 1;
    %inv 8, 1;
    %jmp/0xz  T_0.0, 8;
    %load/v 8, v0x1289e50_0, 1;
    %set/v v0x12a4b00_0, 8, 1;
    %jmp T_0.1;
T_0.0 ;
    %load/v 8, v0x12a4a40_0, 1;
    %set/v v0x12a4b00_0, 8, 1;
T_0.1 ;
    %jmp T_0;
    .thread T_0, $push;
    .scope S_0x12a4d40;
T_1 ;
    %wait E_0x12a4fa0;
    %load/v 8, v0x12a5270_0, 1;
    %inv 8, 1;
    %jmp/0xz  T_1.0, 8;
    %load/v 8, v0x12a5000_0, 1;
    %set/v v0x12a51a0_0, 8, 1;
    %jmp T_1.1;
T_1.0 ;
    %load/v 8, v0x12a50e0_0, 1;
    %set/v v0x12a51a0_0, 8, 1;
T_1.1 ;
    %jmp T_1;
    .thread T_1, $push;
    .scope S_0x12a53e0;
T_2 ;
    %wait E_0x12a5660;
    %load/v 8, v0x12a56c0_0, 1;
    %pad 9, 0, 1;
    %load/v 10, v0x12a57b0_0, 1;
    %pad 11, 0, 1;
    %add 8, 10, 2;
    %load/v 10, v0x12a5880_0, 1;
    %pad 11, 0, 1;
    %add 8, 10, 2;
    %set/v v0x12a59f0_0, 8, 1;
    %set/v v0x12a5950_0, 9, 1;
    %jmp T_2;
    .thread T_2, $push;
    .scope S_0x128b310;
T_3 ;
    %wait E_0x1278a40;
    %load/v 8, v0x12a60a0_0, 2;
    %cmpi/u 8, 0, 2;
    %jmp/1 T_3.0, 6;
    %cmpi/u 8, 1, 2;
    %jmp/1 T_3.1, 6;
    %cmpi/u 8, 2, 2;
    %jmp/1 T_3.2, 6;
    %set/v v0x12a6140_0, 0, 1;
    %jmp T_3.4;
T_3.0 ;
    %load/v 8, v0x12a61e0_0, 1;
    %load/v 9, v0x12a6310_0, 1;
    %and 8, 9, 1;
    %set/v v0x12a6140_0, 8, 1;
    %jmp T_3.4;
T_3.1 ;
    %load/v 8, v0x12a61e0_0, 1;
    %load/v 9, v0x12a6310_0, 1;
    %or 8, 9, 1;
    %set/v v0x12a6140_0, 8, 1;
    %jmp T_3.4;
T_3.2 ;
    %load/v 8, v0x12a6400_0, 1;
    %set/v v0x12a6140_0, 8, 1;
    %jmp T_3.4;
T_3.4 ;
    %jmp T_3;
    .thread T_3, $push;
    .scope S_0x128b190;
T_4 ;
    %set/v v0x12a6550_0, 0, 1;
    %set/v v0x12a6770_0, 0, 1;
    %set/v v0x12a6660_0, 0, 1;
    %set/v v0x12a6860_0, 0, 1;
    %set/v v0x12a6950_0, 0, 1;
    %set/v v0x12a6c20_0, 0, 2;
    %set/v v0x12a6b80_0, 0, 32;
T_4.0 ;
    %load/v 8, v0x12a6b80_0, 32;
    %cmpi/s 8, 128, 32;
    %jmp/0xz T_4.1, 5;
    %delay 5000, 0;
    %load/v 8, v0x12a6b80_0, 32;
    %set/v v0x12a6770_0, 8, 1;
    %set/v v0x12a6550_0, 9, 1;
    %set/v v0x12a6860_0, 10, 1;
    %set/v v0x12a6660_0, 11, 1;
    %set/v v0x12a6950_0, 12, 1;
    %set/v v0x12a6c20_0, 13, 2;
    %ix/load 0, 1, 0;
    %load/vp0/s 8, v0x12a6b80_0, 32;
    %set/v v0x12a6b80_0, 8, 32;
    %jmp T_4.0;
T_4.1 ;
    %end;
    .thread T_4;
    .scope S_0x128b190;
T_5 ;
    %vpi_call/w 2 38 "$monitor", "Op=%d, Cin=%b, Ainv=%b, Binv=%b, A=%b, B=%b, Res=%b,Cout=%b", v0x12a6c20_0, v0x12a6950_0, v0x12a6660_0, v0x12a6860_0, v0x12a6550_0, v0x12a6770_0, v0x12a6ce0_0, v0x12a6a90_0 {0 0};
    %end;
    .thread T_5;
# The file index is used to find the file name in the following table.
:file_names 4;
    "N/A";
    "<interactive>";
    "testbench.sv";
    "design.sv";
